Fitter report for SPB_CPLD
Fri Oct 06 10:17:40 2023
Quartus II 64-Bit Version 13.0.1 Build 232 06/12/2013 Service Pack 1 SJ Web Edition


---------------------
; Table of Contents ;
---------------------
  1. Legal Notice
  2. Fitter Summary
  3. Fitter Settings
  4. Parallel Compilation
  5. Pin-Out File
  6. Fitter Resource Usage Summary
  7. Input Pins
  8. Output Pins
  9. Bidir Pins
 10. I/O Bank Usage
 11. All Package Pins
 12. Output Pin Default Load For Reported TCO
 13. Fitter Resource Utilization by Entity
 14. Delay Chain Summary
 15. Other Routing Usage Summary
 16. Fitter Device Options
 17. Fitter Messages
 18. Fitter Suppressed Messages



----------------
; Legal Notice ;
----------------
Copyright (C) 1991-2013 Altera Corporation
Your use of Altera Corporation's design tools, logic functions 
and other software and tools, and its AMPP partner logic 
functions, and any output files from any of the foregoing 
(including device programming or simulation files), and any 
associated documentation or information are expressly subject 
to the terms and conditions of the Altera Program License 
Subscription Agreement, Altera MegaCore Function License 
Agreement, or other applicable license agreement, including, 
without limitation, that your use is for the sole purpose of 
programming logic devices manufactured by Altera and sold by 
Altera or its authorized distributors.  Please refer to the 
applicable agreement for further details.



+-----------------------------------------------------------------------------+
; Fitter Summary                                                              ;
+---------------------------+-------------------------------------------------+
; Fitter Status             ; Successful - Fri Oct 06 10:17:40 2023           ;
; Quartus II 64-Bit Version ; 13.0.1 Build 232 06/12/2013 SP 1 SJ Web Edition ;
; Revision Name             ; SPB_CPLD                                        ;
; Top-level Entity Name     ; SPB_CPLD                                        ;
; Family                    ; MAX II                                          ;
; Device                    ; EPM1270T144A5                                   ;
; Timing Models             ; Final                                           ;
; Total logic elements      ; 0 / 1,270 ( 0 % )                               ;
; Total pins                ; 103 / 116 ( 89 % )                              ;
; Total virtual pins        ; 0                                               ;
; UFM blocks                ; 0 / 1 ( 0 % )                                   ;
+---------------------------+-------------------------------------------------+


+----------------------------------------------------------------------------------------------------------------------------------------------+
; Fitter Settings                                                                                                                              ;
+----------------------------------------------------------------------------+--------------------------------+--------------------------------+
; Option                                                                     ; Setting                        ; Default Value                  ;
+----------------------------------------------------------------------------+--------------------------------+--------------------------------+
; Device                                                                     ; EPM1270T144A5                  ;                                ;
; Minimum Core Junction Temperature                                          ; -40                            ;                                ;
; Maximum Core Junction Temperature                                          ; 125                            ;                                ;
; Fit Attempts to Skip                                                       ; 0                              ; 0.0                            ;
; Device I/O Standard                                                        ; 3.3-V LVTTL                    ;                                ;
; Use smart compilation                                                      ; Off                            ; Off                            ;
; Enable parallel Assembler and TimeQuest Timing Analyzer during compilation ; On                             ; On                             ;
; Enable compact report table                                                ; Off                            ; Off                            ;
; Router Timing Optimization Level                                           ; Normal                         ; Normal                         ;
; Placement Effort Multiplier                                                ; 1.0                            ; 1.0                            ;
; Router Effort Multiplier                                                   ; 1.0                            ; 1.0                            ;
; Always Enable Input Buffers                                                ; Off                            ; Off                            ;
; Optimize Hold Timing                                                       ; IO Paths and Minimum TPD Paths ; IO Paths and Minimum TPD Paths ;
; Optimize Multi-Corner Timing                                               ; Off                            ; Off                            ;
; Guarantee I/O Paths Have Zero Hold Time at Fast Corner                     ; On                             ; On                             ;
; PowerPlay Power Optimization                                               ; Normal compilation             ; Normal compilation             ;
; Optimize Timing                                                            ; Normal compilation             ; Normal compilation             ;
; Optimize Timing for ECOs                                                   ; Off                            ; Off                            ;
; Regenerate full fit report during ECO compiles                             ; Off                            ; Off                            ;
; Optimize IOC Register Placement for Timing                                 ; Normal                         ; Normal                         ;
; Limit to One Fitting Attempt                                               ; Off                            ; Off                            ;
; Final Placement Optimizations                                              ; Automatically                  ; Automatically                  ;
; Fitter Aggressive Routability Optimizations                                ; Automatically                  ; Automatically                  ;
; Fitter Initial Placement Seed                                              ; 1                              ; 1                              ;
; Slow Slew Rate                                                             ; Off                            ; Off                            ;
; PCI I/O                                                                    ; Off                            ; Off                            ;
; Weak Pull-Up Resistor                                                      ; Off                            ; Off                            ;
; Enable Bus-Hold Circuitry                                                  ; Off                            ; Off                            ;
; Auto Delay Chains                                                          ; On                             ; On                             ;
; Auto Delay Chains for High Fanout Input Pins                               ; Off                            ; Off                            ;
; Perform Physical Synthesis for Combinational Logic for Performance         ; Off                            ; Off                            ;
; Perform Register Duplication for Performance                               ; Off                            ; Off                            ;
; Perform Register Retiming for Performance                                  ; Off                            ; Off                            ;
; Perform Asynchronous Signal Pipelining                                     ; Off                            ; Off                            ;
; Fitter Effort                                                              ; Auto Fit                       ; Auto Fit                       ;
; Physical Synthesis Effort Level                                            ; Normal                         ; Normal                         ;
; Logic Cell Insertion - Logic Duplication                                   ; Auto                           ; Auto                           ;
; Auto Register Duplication                                                  ; Auto                           ; Auto                           ;
; Auto Global Clock                                                          ; On                             ; On                             ;
; Auto Global Register Control Signals                                       ; On                             ; On                             ;
; Force Fitter to Avoid Periphery Placement Warnings                         ; Off                            ; Off                            ;
+----------------------------------------------------------------------------+--------------------------------+--------------------------------+


Parallel compilation was disabled, but you have multiple processors available. Enable parallel compilation to reduce compilation time.
+-------------------------------------+
; Parallel Compilation                ;
+----------------------------+--------+
; Processors                 ; Number ;
+----------------------------+--------+
; Number detected on machine ; 20     ;
; Maximum allowed            ; 1      ;
+----------------------------+--------+


+--------------+
; Pin-Out File ;
+--------------+
The pin-out file can be found in C:/Users/DEV_W8V/Documents/git/TCU_CPLD/output_files/SPB_CPLD.pin.


+------------------------------------------------------------------+
; Fitter Resource Usage Summary                                    ;
+---------------------------------------------+--------------------+
; Resource                                    ; Usage              ;
+---------------------------------------------+--------------------+
; Total logic elements                        ; 0 / 1,270 ( 0 % )  ;
;     -- Combinational with no register       ; 0                  ;
;     -- Register only                        ; 0                  ;
;     -- Combinational with a register        ; 0                  ;
;                                             ;                    ;
; Logic element usage by number of LUT inputs ;                    ;
;     -- 4 input functions                    ; 0                  ;
;     -- 3 input functions                    ; 0                  ;
;     -- 2 input functions                    ; 0                  ;
;     -- 1 input functions                    ; 0                  ;
;     -- 0 input functions                    ; 0                  ;
;                                             ;                    ;
; Logic elements by mode                      ;                    ;
;     -- normal mode                          ; 0                  ;
;     -- arithmetic mode                      ; 0                  ;
;     -- qfbk mode                            ; 0                  ;
;     -- register cascade mode                ; 0                  ;
;     -- synchronous clear/load mode          ; 0                  ;
;     -- asynchronous clear/load mode         ; 0                  ;
;                                             ;                    ;
; Total registers                             ; 0 / 1,270 ( 0 % )  ;
; Total LABs                                  ; 0 / 127 ( 0 % )    ;
; Logic elements in carry chains              ; 0                  ;
; Virtual pins                                ; 0                  ;
; I/O pins                                    ; 103 / 116 ( 89 % ) ;
;     -- Clock pins                           ; 4 / 4 ( 100 % )    ;
;                                             ;                    ;
; Global signals                              ; 0                  ;
; UFM blocks                                  ; 0 / 1 ( 0 % )      ;
; Global clocks                               ; 0 / 4 ( 0 % )      ;
; JTAGs                                       ; 0 / 1 ( 0 % )      ;
; Average interconnect usage (total/H/V)      ; 0% / 0% / 0%       ;
; Peak interconnect usage (total/H/V)         ; 0% / 0% / 0%       ;
+---------------------------------------------+--------------------+


+-------------------------------------------------------------------------------------------------------------------------------------------------------------------------------------------------------------------------------+
; Input Pins                                                                                                                                                                                                                    ;
+------------------------+-------+----------+--------------+--------------+-------------+-----------------------+--------------------+--------+-----------------+----------+--------------+--------------+----------------------+
; Name                   ; Pin # ; I/O Bank ; X coordinate ; Y coordinate ; Cell number ; Combinational Fan-Out ; Registered Fan-Out ; Global ; PCI I/O Enabled ; Bus Hold ; Weak Pull Up ; I/O Standard ; Location assigned by ;
+------------------------+-------+----------+--------------+--------------+-------------+-----------------------+--------------------+--------+-----------------+----------+--------------+--------------+----------------------+
; /EM1CS2                ; 57    ; 4        ; 8            ; 3            ; 0           ; 0                     ; 0                  ; no     ; no              ; no       ; Off          ; 3.3-V LVTTL  ; Fitter               ;
; /EM1CS3                ; 3     ; 1        ; 0            ; 10           ; 5           ; 0                     ; 0                  ; no     ; no              ; no       ; Off          ; 3.3-V LVTTL  ; Fitter               ;
; /EM1CS4                ; 111   ; 2        ; 15           ; 11           ; 0           ; 0                     ; 0                  ; no     ; no              ; no       ; Off          ; 3.3-V LVTTL  ; Fitter               ;
; /EM1OE                 ; 93    ; 3        ; 17           ; 6            ; 5           ; 0                     ; 0                  ; no     ; no              ; no       ; Off          ; 3.3-V LVTTL  ; Fitter               ;
; /EM1WE                 ; 53    ; 4        ; 8            ; 3            ; 2           ; 0                     ; 0                  ; no     ; no              ; no       ; Off          ; 3.3-V LVTTL  ; Fitter               ;
; /SIG_AZ_ENC_CABLE_LOOP ; 86    ; 3        ; 17           ; 5            ; 4           ; 0                     ; 0                  ; no     ; no              ; no       ; Off          ; 3.3-V LVTTL  ; Fitter               ;
; /SIG_AZ_IGBT_ERR_U     ; 107   ; 3        ; 17           ; 9            ; 1           ; 0                     ; 0                  ; no     ; no              ; no       ; Off          ; 3.3-V LVTTL  ; Fitter               ;
; /SIG_AZ_IGBT_ERR_V     ; 11    ; 1        ; 0            ; 8            ; 6           ; 0                     ; 0                  ; no     ; no              ; no       ; Off          ; 3.3-V LVTTL  ; Fitter               ;
; /SIG_AZ_IGBT_ERR_W     ; 74    ; 3        ; 17           ; 1            ; 1           ; 0                     ; 0                  ; no     ; no              ; no       ; Off          ; 3.3-V LVTTL  ; Fitter               ;
; /SIG_AZ_LOCKING_SW     ; 66    ; 4        ; 12           ; 0            ; 1           ; 0                     ; 0                  ; no     ; no              ; no       ; Off          ; 3.3-V LVTTL  ; Fitter               ;
; /SIG_AZ_MT_CABLE_LOOP  ; 80    ; 3        ; 17           ; 3            ; 0           ; 0                     ; 0                  ; no     ; no              ; no       ; Off          ; 3.3-V LVTTL  ; Fitter               ;
; /SIG_AZ_SIG_CABLE_LOOP ; 114   ; 2        ; 12           ; 11           ; 1           ; 0                     ; 0                  ; no     ; no              ; no       ; Off          ; 3.3-V LVTTL  ; Fitter               ;
; /SIG_DCU_CABLE_LOOP    ; 69    ; 4        ; 14           ; 0            ; 2           ; 0                     ; 0                  ; no     ; no              ; no       ; Off          ; 3.3-V LVTTL  ; Fitter               ;
; /SIG_DCU_MODE1_SW      ; 119   ; 2        ; 11           ; 11           ; 3           ; 0                     ; 0                  ; no     ; no              ; no       ; Off          ; 3.3-V LVTTL  ; Fitter               ;
; /SIG_DCU_MODE2_SW      ; 15    ; 1        ; 0            ; 7            ; 3           ; 0                     ; 0                  ; no     ; no              ; no       ; Off          ; 3.3-V LVTTL  ; Fitter               ;
; /SIG_DCU_PC_ON_SIG     ; 76    ; 3        ; 17           ; 2            ; 3           ; 0                     ; 0                  ; no     ; no              ; no       ; Off          ; 3.3-V LVTTL  ; Fitter               ;
; /SIG_EL_ENC_CABLE_LOOP ; 124   ; 2        ; 9            ; 11           ; 1           ; 0                     ; 0                  ; no     ; no              ; no       ; Off          ; 3.3-V LVTTL  ; Fitter               ;
; /SIG_EL_IGBT_ERR_U     ; 121   ; 2        ; 10           ; 11           ; 1           ; 0                     ; 0                  ; no     ; no              ; no       ; Off          ; 3.3-V LVTTL  ; Fitter               ;
; /SIG_EL_IGBT_ERR_V     ; 18    ; 1        ; 0            ; 7            ; 5           ; 0                     ; 0                  ; no     ; no              ; no       ; Off          ; 3.3-V LVTTL  ; Fitter               ;
; /SIG_EL_IGBT_ERR_W     ; 102   ; 3        ; 17           ; 7            ; 0           ; 0                     ; 0                  ; no     ; no              ; no       ; Off          ; 3.3-V LVTTL  ; Fitter               ;
; /SIG_EL_LOCKING_SW     ; 130   ; 2        ; 8            ; 11           ; 1           ; 0                     ; 0                  ; no     ; no              ; no       ; Off          ; 3.3-V LVTTL  ; Fitter               ;
; /SIG_EL_MT_CABLE_LOOP  ; 113   ; 2        ; 13           ; 11           ; 1           ; 0                     ; 0                  ; no     ; no              ; no       ; Off          ; 3.3-V LVTTL  ; Fitter               ;
; /SIG_EL_SIG_CABLE_LOOP ; 101   ; 3        ; 17           ; 7            ; 4           ; 0                     ; 0                  ; no     ; no              ; no       ; Off          ; 3.3-V LVTTL  ; Fitter               ;
; /SIG_EMER_SIG          ; 89    ; 3        ; 17           ; 5            ; 1           ; 0                     ; 0                  ; no     ; no              ; no       ; Off          ; 3.3-V LVTTL  ; Fitter               ;
; /SIG_INS_CABLE_LOOP    ; 85    ; 3        ; 17           ; 5            ; 5           ; 0                     ; 0                  ; no     ; no              ; no       ; Off          ; 3.3-V LVTTL  ; Fitter               ;
; /SIG_JOY_FAST_SW       ; 29    ; 1        ; 0            ; 5            ; 2           ; 0                     ; 0                  ; no     ; no              ; no       ; Off          ; 3.3-V LVTTL  ; Fitter               ;
; /SIG_JOY_OPER_SW       ; 23    ; 1        ; 0            ; 6            ; 2           ; 0                     ; 0                  ; no     ; no              ; no       ; Off          ; 3.3-V LVTTL  ; Fitter               ;
; /SIG_JOY_SLOW_SW       ; 42    ; 4        ; 4            ; 3            ; 0           ; 0                     ; 0                  ; no     ; no              ; no       ; Off          ; 3.3-V LVTTL  ; Fitter               ;
; /SIG_MDU_CABLE_LOOP    ; 58    ; 4        ; 9            ; 3            ; 2           ; 0                     ; 0                  ; no     ; no              ; no       ; Off          ; 3.3-V LVTTL  ; Fitter               ;
; /SIG_OCU_CABLE_LOOP    ; 72    ; 4        ; 16           ; 0            ; 0           ; 0                     ; 0                  ; no     ; no              ; no       ; Off          ; 3.3-V LVTTL  ; Fitter               ;
; /SIG_PCU_CABLE_LOOP    ; 77    ; 3        ; 17           ; 2            ; 0           ; 0                     ; 0                  ; no     ; no              ; no       ; Off          ; 3.3-V LVTTL  ; Fitter               ;
; /SIG_PCU_STATE         ; 73    ; 3        ; 17           ; 1            ; 2           ; 0                     ; 0                  ; no     ; no              ; no       ; Off          ; 3.3-V LVTTL  ; Fitter               ;
; /SIG_SENSOR_CABLE_LOOP ; 79    ; 3        ; 17           ; 3            ; 1           ; 0                     ; 0                  ; no     ; no              ; no       ; Off          ; 3.3-V LVTTL  ; Fitter               ;
; /SIG_SENSOR_OUT1       ; 21    ; 1        ; 0            ; 6            ; 0           ; 0                     ; 0                  ; no     ; no              ; no       ; Off          ; 3.3-V LVTTL  ; Fitter               ;
; /SIG_SENSOR_OUT2       ; 127   ; 2        ; 9            ; 11           ; 3           ; 0                     ; 0                  ; no     ; no              ; no       ; Off          ; 3.3-V LVTTL  ; Fitter               ;
; /SIG_SENSOR_OUT3       ; 28    ; 1        ; 0            ; 5            ; 1           ; 0                     ; 0                  ; no     ; no              ; no       ; Off          ; 3.3-V LVTTL  ; Fitter               ;
; /SIG_VEH_CABLE_LOOP    ; 30    ; 1        ; 0            ; 5            ; 6           ; 0                     ; 0                  ; no     ; no              ; no       ; Off          ; 3.3-V LVTTL  ; Fitter               ;
; /SIG_VMS_CABLE_LOOP    ; 55    ; 4        ; 8            ; 3            ; 1           ; 0                     ; 0                  ; no     ; no              ; no       ; Off          ; 3.3-V LVTTL  ; Fitter               ;
; BF_A0                  ; 8     ; 1        ; 0            ; 8            ; 1           ; 0                     ; 0                  ; no     ; no              ; no       ; Off          ; 3.3-V LVTTL  ; Fitter               ;
; BF_A1                  ; 62    ; 4        ; 10           ; 3            ; 2           ; 0                     ; 0                  ; no     ; no              ; no       ; Off          ; 3.3-V LVTTL  ; Fitter               ;
; BF_A17                 ; 81    ; 3        ; 17           ; 4            ; 2           ; 0                     ; 0                  ; no     ; no              ; no       ; Off          ; 3.3-V LVTTL  ; Fitter               ;
; BF_A18                 ; 50    ; 4        ; 7            ; 3            ; 1           ; 0                     ; 0                  ; no     ; no              ; no       ; Off          ; 3.3-V LVTTL  ; Fitter               ;
; BF_A19                 ; 22    ; 1        ; 0            ; 6            ; 1           ; 0                     ; 0                  ; no     ; no              ; no       ; Off          ; 3.3-V LVTTL  ; Fitter               ;
; BF_A2                  ; 12    ; 1        ; 0            ; 7            ; 0           ; 0                     ; 0                  ; no     ; no              ; no       ; Off          ; 3.3-V LVTTL  ; Fitter               ;
; BF_A3                  ; 51    ; 4        ; 7            ; 3            ; 0           ; 0                     ; 0                  ; no     ; no              ; no       ; Off          ; 3.3-V LVTTL  ; Fitter               ;
; BF_A4                  ; 104   ; 3        ; 17           ; 8            ; 1           ; 0                     ; 0                  ; no     ; no              ; no       ; Off          ; 3.3-V LVTTL  ; Fitter               ;
; EM1WAIT                ; 40    ; 4        ; 3            ; 3            ; 1           ; 0                     ; 0                  ; no     ; no              ; no       ; Off          ; 3.3-V LVTTL  ; Fitter               ;
; SIG_ADC1_/ELOC         ; 118   ; 2        ; 11           ; 11           ; 2           ; 0                     ; 0                  ; no     ; no              ; no       ; Off          ; 3.3-V LVTTL  ; Fitter               ;
; SIG_ADC2_/ELOC         ; 48    ; 4        ; 7            ; 3            ; 3           ; 0                     ; 0                  ; no     ; no              ; no       ; Off          ; 3.3-V LVTTL  ; Fitter               ;
; SIG_ADC3_/ELOC         ; 24    ; 1        ; 0            ; 6            ; 3           ; 0                     ; 0                  ; no     ; no              ; no       ; Off          ; 3.3-V LVTTL  ; Fitter               ;
; SIG_ADC4_/ELOC         ; 45    ; 4        ; 6            ; 3            ; 0           ; 0                     ; 0                  ; no     ; no              ; no       ; Off          ; 3.3-V LVTTL  ; Fitter               ;
; SIG_RDC1_DIR           ; 39    ; 4        ; 2            ; 3            ; 0           ; 0                     ; 0                  ; no     ; no              ; no       ; Off          ; 3.3-V LVTTL  ; Fitter               ;
; SIG_RDC1_DOS           ; 68    ; 4        ; 13           ; 0            ; 1           ; 0                     ; 0                  ; no     ; no              ; no       ; Off          ; 3.3-V LVTTL  ; Fitter               ;
; SIG_RDC1_LOT           ; 97    ; 3        ; 17           ; 6            ; 1           ; 0                     ; 0                  ; no     ; no              ; no       ; Off          ; 3.3-V LVTTL  ; Fitter               ;
; SIG_RDC2_DIR           ; 7     ; 1        ; 0            ; 8            ; 0           ; 0                     ; 0                  ; no     ; no              ; no       ; Off          ; 3.3-V LVTTL  ; Fitter               ;
; SIG_RDC2_DOS           ; 112   ; 2        ; 14           ; 11           ; 1           ; 0                     ; 0                  ; no     ; no              ; no       ; Off          ; 3.3-V LVTTL  ; Fitter               ;
; SIG_RDC2_LOT           ; 32    ; 1        ; 0            ; 4            ; 5           ; 0                     ; 0                  ; no     ; no              ; no       ; Off          ; 3.3-V LVTTL  ; Fitter               ;
; SPI_CLK_START          ; 60    ; 4        ; 9            ; 3            ; 0           ; 0                     ; 0                  ; no     ; no              ; no       ; Off          ; 3.3-V LVTTL  ; Fitter               ;
+------------------------+-------+----------+--------------+--------------+-------------+-----------------------+--------------------+--------+-----------------+----------+--------------+--------------+----------------------+


+----------------------------------------------------------------------------------------------------------------------------------------------------------------------------------------------------------------------------------------------------------------------------------------------------------------------------------+
; Output Pins                                                                                                                                                                                                                                                                                                                      ;
+----------------+-------+----------+--------------+--------------+-------------+-----------------+----------------+-----------------+------------+---------------+----------+--------------+--------------+------------------+------------------------+----------------------+-------+----------------------+---------------------+
; Name           ; Pin # ; I/O Bank ; X coordinate ; Y coordinate ; Cell number ; Output Register ; Slow Slew Rate ; PCI I/O Enabled ; Open Drain ; TRI Primitive ; Bus Hold ; Weak Pull Up ; I/O Standard ; Current Strength ; Fast Output Connection ; Location assigned by ; Load  ; Output Enable Source ; Output Enable Group ;
+----------------+-------+----------+--------------+--------------+-------------+-----------------+----------------+-----------------+------------+---------------+----------+--------------+--------------+------------------+------------------------+----------------------+-------+----------------------+---------------------+
; BUF_DATA_/OE   ; 137   ; 2        ; 6            ; 11           ; 3           ; no              ; no             ; no              ; no         ; no            ; no       ; Off          ; 3.3-V LVTTL  ; 16mA             ; no                     ; Fitter               ; 10 pF ; -                    ; -                   ;
; BUF_DATA_DIR   ; 75    ; 3        ; 17           ; 1            ; 0           ; no              ; no             ; no              ; no         ; no            ; no       ; Off          ; 3.3-V LVTTL  ; 16mA             ; no                     ; Fitter               ; 10 pF ; -                    ; -                   ;
; LED_DCU_POWER  ; 70    ; 4        ; 15           ; 0            ; 2           ; no              ; no             ; no              ; no         ; no            ; no       ; Off          ; 3.3-V LVTTL  ; 16mA             ; no                     ; Fitter               ; 10 pF ; -                    ; -                   ;
; LED_JOY_FAST   ; 88    ; 3        ; 17           ; 5            ; 2           ; no              ; no             ; no              ; no         ; no            ; no       ; Off          ; 3.3-V LVTTL  ; 16mA             ; no                     ; Fitter               ; 10 pF ; -                    ; -                   ;
; LED_JOY_SLOW   ; 110   ; 2        ; 16           ; 11           ; 2           ; no              ; no             ; no              ; no         ; no            ; no       ; Off          ; 3.3-V LVTTL  ; 16mA             ; no                     ; Fitter               ; 10 pF ; -                    ; -                   ;
; SIG_ADC1_/CS   ; 108   ; 3        ; 17           ; 10           ; 4           ; no              ; no             ; no              ; no         ; no            ; no       ; Off          ; 3.3-V LVTTL  ; 16mA             ; no                     ; Fitter               ; 10 pF ; -                    ; -                   ;
; SIG_ADC2_/CS   ; 91    ; 3        ; 17           ; 5            ; 0           ; no              ; no             ; no              ; no         ; no            ; no       ; Off          ; 3.3-V LVTTL  ; 16mA             ; no                     ; Fitter               ; 10 pF ; -                    ; -                   ;
; SIG_ADC3_/CS   ; 61    ; 4        ; 10           ; 3            ; 3           ; no              ; no             ; no              ; no         ; no            ; no       ; Off          ; 3.3-V LVTTL  ; 16mA             ; no                     ; Fitter               ; 10 pF ; -                    ; -                   ;
; SIG_ADC4_/CS   ; 120   ; 2        ; 10           ; 11           ; 0           ; no              ; no             ; no              ; no         ; no            ; no       ; Off          ; 3.3-V LVTTL  ; 16mA             ; no                     ; Fitter               ; 10 pF ; -                    ; -                   ;
; SIG_DAC1_/CS   ; 117   ; 2        ; 11           ; 11           ; 1           ; no              ; no             ; no              ; no         ; no            ; no       ; Off          ; 3.3-V LVTTL  ; 16mA             ; no                     ; Fitter               ; 10 pF ; -                    ; -                   ;
; SIG_DAC1_/LDAC ; 59    ; 4        ; 9            ; 3            ; 1           ; no              ; no             ; no              ; no         ; no            ; no       ; Off          ; 3.3-V LVTTL  ; 16mA             ; no                     ; Fitter               ; 10 pF ; -                    ; -                   ;
; SIG_DAC2_/CS   ; 122   ; 2        ; 10           ; 11           ; 2           ; no              ; no             ; no              ; no         ; no            ; no       ; Off          ; 3.3-V LVTTL  ; 16mA             ; no                     ; Fitter               ; 10 pF ; -                    ; -                   ;
; SIG_DAC2_/LDAC ; 6     ; 1        ; 0            ; 9            ; 3           ; no              ; no             ; no              ; no         ; no            ; no       ; Off          ; 3.3-V LVTTL  ; 16mA             ; no                     ; Fitter               ; 10 pF ; -                    ; -                   ;
; SIG_DAC_/CLR   ; 96    ; 3        ; 17           ; 6            ; 2           ; no              ; no             ; no              ; no         ; no            ; no       ; Off          ; 3.3-V LVTTL  ; 16mA             ; no                     ; Fitter               ; 10 pF ; -                    ; -                   ;
; SIG_RDC1_/CS   ; 5     ; 1        ; 0            ; 9            ; 2           ; no              ; no             ; no              ; no         ; no            ; no       ; Off          ; 3.3-V LVTTL  ; 16mA             ; no                     ; Fitter               ; 10 pF ; -                    ; -                   ;
; SIG_RDC2_/CS   ; 43    ; 4        ; 5            ; 3            ; 3           ; no              ; no             ; no              ; no         ; no            ; no       ; Off          ; 3.3-V LVTTL  ; 16mA             ; no                     ; Fitter               ; 10 pF ; -                    ; -                   ;
; SIG_X_/RD      ; 94    ; 3        ; 17           ; 6            ; 4           ; no              ; no             ; no              ; no         ; no            ; no       ; Off          ; 3.3-V LVTTL  ; 16mA             ; no                     ; Fitter               ; 10 pF ; -                    ; -                   ;
; SIG_X_/WR      ; 133   ; 2        ; 7            ; 11           ; 1           ; no              ; no             ; no              ; no         ; no            ; no       ; Off          ; 3.3-V LVTTL  ; 16mA             ; no                     ; Fitter               ; 10 pF ; -                    ; -                   ;
; SPI_CLK_RX     ; 132   ; 2        ; 7            ; 11           ; 0           ; no              ; no             ; no              ; no         ; no            ; no       ; Off          ; 3.3-V LVTTL  ; 16mA             ; no                     ; Fitter               ; 10 pF ; -                    ; -                   ;
; SPI_CLK_TX     ; 131   ; 2        ; 8            ; 11           ; 2           ; no              ; no             ; no              ; no         ; no            ; no       ; Off          ; 3.3-V LVTTL  ; 16mA             ; no                     ; Fitter               ; 10 pF ; -                    ; -                   ;
+----------------+-------+----------+--------------+--------------+-------------+-----------------+----------------+-----------------+------------+---------------+----------+--------------+--------------+------------------+------------------------+----------------------+-------+----------------------+---------------------+


+------------------------------------------------------------------------------------------------------------------------------------------------------------------------------------------------------------------------------------------------------------------------------------------------------------------------------------------------------------------+
; Bidir Pins                                                                                                                                                                                                                                                                                                                                                       ;
+----------+-------+----------+--------------+--------------+-------------+-----------------------+--------------------+--------+-----------------+----------------+-----------------+------------+----------+--------------+--------------+------------------+------------------------+----------------------+-------+----------------------+---------------------+
; Name     ; Pin # ; I/O Bank ; X coordinate ; Y coordinate ; Cell number ; Combinational Fan-Out ; Registered Fan-Out ; Global ; Output Register ; Slow Slew Rate ; PCI I/O Enabled ; Open Drain ; Bus Hold ; Weak Pull Up ; I/O Standard ; Current Strength ; Fast Output Connection ; Location assigned by ; Load  ; Output Enable Source ; Output Enable Group ;
+----------+-------+----------+--------------+--------------+-------------+-----------------------+--------------------+--------+-----------------+----------------+-----------------+------------+----------+--------------+--------------+------------------+------------------------+----------------------+-------+----------------------+---------------------+
; /INT0    ; 84    ; 3        ; 17           ; 4            ; 0           ; 0                     ; 0                  ; no     ; no              ; no             ; no              ; yes        ; no       ; Off          ; 3.3-V LVTTL  ; 16mA             ; no                     ; Fitter               ; 10 pF ; -                    ; -                   ;
; /INT1    ; 2     ; 1        ; 0            ; 10           ; 3           ; 0                     ; 0                  ; no     ; no              ; no             ; no              ; yes        ; no       ; Off          ; 3.3-V LVTTL  ; 16mA             ; no                     ; Fitter               ; 10 pF ; -                    ; -                   ;
; /INT2    ; 14    ; 1        ; 0            ; 7            ; 2           ; 0                     ; 0                  ; no     ; no              ; no             ; no              ; yes        ; no       ; Off          ; 3.3-V LVTTL  ; 16mA             ; no                     ; Fitter               ; 10 pF ; -                    ; -                   ;
; /INT3    ; 44    ; 4        ; 5            ; 3            ; 2           ; 0                     ; 0                  ; no     ; no              ; no             ; no              ; yes        ; no       ; Off          ; 3.3-V LVTTL  ; 16mA             ; no                     ; Fitter               ; 10 pF ; -                    ; -                   ;
; /INT4    ; 16    ; 1        ; 0            ; 7            ; 4           ; 0                     ; 0                  ; no     ; no              ; no             ; no              ; yes        ; no       ; Off          ; 3.3-V LVTTL  ; 16mA             ; no                     ; Fitter               ; 10 pF ; -                    ; -                   ;
; /INT5    ; 63    ; 4        ; 10           ; 3            ; 1           ; 0                     ; 0                  ; no     ; no              ; no             ; no              ; yes        ; no       ; Off          ; 3.3-V LVTTL  ; 16mA             ; no                     ; Fitter               ; 10 pF ; -                    ; -                   ;
; BF_D[0]  ; 38    ; 4        ; 2            ; 3            ; 3           ; 0                     ; 0                  ; no     ; no              ; no             ; no              ; yes        ; no       ; Off          ; 3.3-V LVTTL  ; 16mA             ; no                     ; Fitter               ; 10 pF ; -                    ; -                   ;
; BF_D[10] ; 129   ; 2        ; 8            ; 11           ; 0           ; 0                     ; 0                  ; no     ; no              ; no             ; no              ; yes        ; no       ; Off          ; 3.3-V LVTTL  ; 16mA             ; no                     ; Fitter               ; 10 pF ; -                    ; -                   ;
; BF_D[11] ; 20    ; 1        ; 0            ; 7            ; 6           ; 0                     ; 0                  ; no     ; no              ; no             ; no              ; yes        ; no       ; Off          ; 3.3-V LVTTL  ; 16mA             ; no                     ; Fitter               ; 10 pF ; -                    ; -                   ;
; BF_D[12] ; 31    ; 1        ; 0            ; 4            ; 2           ; 0                     ; 0                  ; no     ; no              ; no             ; no              ; yes        ; no       ; Off          ; 3.3-V LVTTL  ; 16mA             ; no                     ; Fitter               ; 10 pF ; -                    ; -                   ;
; BF_D[13] ; 37    ; 4        ; 1            ; 3            ; 0           ; 0                     ; 0                  ; no     ; no              ; no             ; no              ; yes        ; no       ; Off          ; 3.3-V LVTTL  ; 16mA             ; no                     ; Fitter               ; 10 pF ; -                    ; -                   ;
; BF_D[14] ; 103   ; 3        ; 17           ; 8            ; 5           ; 0                     ; 0                  ; no     ; no              ; no             ; no              ; yes        ; no       ; Off          ; 3.3-V LVTTL  ; 16mA             ; no                     ; Fitter               ; 10 pF ; -                    ; -                   ;
; BF_D[15] ; 144   ; 2        ; 1            ; 11           ; 2           ; 0                     ; 0                  ; no     ; no              ; no             ; no              ; yes        ; no       ; Off          ; 3.3-V LVTTL  ; 16mA             ; no                     ; Fitter               ; 10 pF ; -                    ; -                   ;
; BF_D[1]  ; 13    ; 1        ; 0            ; 7            ; 1           ; 0                     ; 0                  ; no     ; no              ; no             ; no              ; yes        ; no       ; Off          ; 3.3-V LVTTL  ; 16mA             ; no                     ; Fitter               ; 10 pF ; -                    ; -                   ;
; BF_D[2]  ; 27    ; 1        ; 0            ; 6            ; 5           ; 0                     ; 0                  ; no     ; no              ; no             ; no              ; yes        ; no       ; Off          ; 3.3-V LVTTL  ; 16mA             ; no                     ; Fitter               ; 10 pF ; -                    ; -                   ;
; BF_D[3]  ; 106   ; 3        ; 17           ; 9            ; 3           ; 0                     ; 0                  ; no     ; no              ; no             ; no              ; yes        ; no       ; Off          ; 3.3-V LVTTL  ; 16mA             ; no                     ; Fitter               ; 10 pF ; -                    ; -                   ;
; BF_D[4]  ; 125   ; 2        ; 9            ; 11           ; 2           ; 0                     ; 0                  ; no     ; no              ; no             ; no              ; yes        ; no       ; Off          ; 3.3-V LVTTL  ; 16mA             ; no                     ; Fitter               ; 10 pF ; -                    ; -                   ;
; BF_D[5]  ; 87    ; 3        ; 17           ; 5            ; 3           ; 0                     ; 0                  ; no     ; no              ; no             ; no              ; yes        ; no       ; Off          ; 3.3-V LVTTL  ; 16mA             ; no                     ; Fitter               ; 10 pF ; -                    ; -                   ;
; BF_D[6]  ; 41    ; 4        ; 3            ; 3            ; 0           ; 0                     ; 0                  ; no     ; no              ; no             ; no              ; yes        ; no       ; Off          ; 3.3-V LVTTL  ; 16mA             ; no                     ; Fitter               ; 10 pF ; -                    ; -                   ;
; BF_D[7]  ; 95    ; 3        ; 17           ; 6            ; 3           ; 0                     ; 0                  ; no     ; no              ; no             ; no              ; yes        ; no       ; Off          ; 3.3-V LVTTL  ; 16mA             ; no                     ; Fitter               ; 10 pF ; -                    ; -                   ;
; BF_D[8]  ; 98    ; 3        ; 17           ; 6            ; 0           ; 0                     ; 0                  ; no     ; no              ; no             ; no              ; yes        ; no       ; Off          ; 3.3-V LVTTL  ; 16mA             ; no                     ; Fitter               ; 10 pF ; -                    ; -                   ;
; BF_D[9]  ; 49    ; 4        ; 7            ; 3            ; 2           ; 0                     ; 0                  ; no     ; no              ; no             ; no              ; yes        ; no       ; Off          ; 3.3-V LVTTL  ; 16mA             ; no                     ; Fitter               ; 10 pF ; -                    ; -                   ;
; EGPIO0   ; 4     ; 1        ; 0            ; 9            ; 0           ; 0                     ; 0                  ; no     ; no              ; no             ; no              ; yes        ; no       ; Off          ; 3.3-V LVTTL  ; 16mA             ; no                     ; Fitter               ; 10 pF ; -                    ; -                   ;
; EGPIO1   ; 1     ; 1        ; 0            ; 10           ; 2           ; 0                     ; 0                  ; no     ; no              ; no             ; no              ; yes        ; no       ; Off          ; 3.3-V LVTTL  ; 16mA             ; no                     ; Fitter               ; 10 pF ; -                    ; -                   ;
; EGPIO2   ; 67    ; 4        ; 12           ; 0            ; 0           ; 0                     ; 0                  ; no     ; no              ; no             ; no              ; yes        ; no       ; Off          ; 3.3-V LVTTL  ; 16mA             ; no                     ; Fitter               ; 10 pF ; -                    ; -                   ;
+----------+-------+----------+--------------+--------------+-------------+-----------------------+--------------------+--------+-----------------+----------------+-----------------+------------+----------+--------------+--------------+------------------+------------------------+----------------------+-------+----------------------+---------------------+


+-------------------------------------------------------------+
; I/O Bank Usage                                              ;
+----------+-------------------+---------------+--------------+
; I/O Bank ; Usage             ; VCCIO Voltage ; VREF Voltage ;
+----------+-------------------+---------------+--------------+
; 1        ; 26 / 26 ( 100 % ) ; 3.3V          ; --           ;
; 2        ; 21 / 30 ( 70 % )  ; 3.3V          ; --           ;
; 3        ; 28 / 30 ( 93 % )  ; 3.3V          ; --           ;
; 4        ; 28 / 30 ( 93 % )  ; 3.3V          ; --           ;
+----------+-------------------+---------------+--------------+


+--------------------------------------------------------------------------------------------------------------------------------------------------------+
; All Package Pins                                                                                                                                       ;
+----------+------------+----------+------------------------+--------+--------------+-----------+------------+-----------------+----------+--------------+
; Location ; Pad Number ; I/O Bank ; Pin Name/Usage         ; Dir.   ; I/O Standard ; Voltage   ; I/O Type   ; User Assignment ; Bus Hold ; Weak Pull Up ;
+----------+------------+----------+------------------------+--------+--------------+-----------+------------+-----------------+----------+--------------+
; 1        ; 2          ; 1        ; EGPIO1                 ; bidir  ; 3.3-V LVTTL  ;           ; Row I/O    ; N               ; no       ; Off          ;
; 2        ; 3          ; 1        ; /INT1                  ; bidir  ; 3.3-V LVTTL  ;           ; Row I/O    ; N               ; no       ; Off          ;
; 3        ; 5          ; 1        ; /EM1CS3                ; input  ; 3.3-V LVTTL  ;           ; Row I/O    ; N               ; no       ; Off          ;
; 4        ; 7          ; 1        ; EGPIO0                 ; bidir  ; 3.3-V LVTTL  ;           ; Row I/O    ; N               ; no       ; Off          ;
; 5        ; 9          ; 1        ; SIG_RDC1_/CS           ; output ; 3.3-V LVTTL  ;           ; Row I/O    ; N               ; no       ; Off          ;
; 6        ; 10         ; 1        ; SIG_DAC2_/LDAC         ; output ; 3.3-V LVTTL  ;           ; Row I/O    ; N               ; no       ; Off          ;
; 7        ; 14         ; 1        ; SIG_RDC2_DIR           ; input  ; 3.3-V LVTTL  ;           ; Row I/O    ; N               ; no       ; Off          ;
; 8        ; 15         ; 1        ; BF_A0                  ; input  ; 3.3-V LVTTL  ;           ; Row I/O    ; N               ; no       ; Off          ;
; 9        ;            ; 1        ; VCCIO1                 ; power  ;              ; 3.3V      ; --         ;                 ; --       ; --           ;
; 10       ;            ;          ; GNDIO                  ; gnd    ;              ;           ; --         ;                 ; --       ; --           ;
; 11       ; 20         ; 1        ; /SIG_AZ_IGBT_ERR_V     ; input  ; 3.3-V LVTTL  ;           ; Row I/O    ; N               ; no       ; Off          ;
; 12       ; 21         ; 1        ; BF_A2                  ; input  ; 3.3-V LVTTL  ;           ; Row I/O    ; N               ; no       ; Off          ;
; 13       ; 22         ; 1        ; BF_D[1]                ; bidir  ; 3.3-V LVTTL  ;           ; Row I/O    ; N               ; no       ; Off          ;
; 14       ; 23         ; 1        ; /INT2                  ; bidir  ; 3.3-V LVTTL  ;           ; Row I/O    ; N               ; no       ; Off          ;
; 15       ; 24         ; 1        ; /SIG_DCU_MODE2_SW      ; input  ; 3.3-V LVTTL  ;           ; Row I/O    ; N               ; no       ; Off          ;
; 16       ; 25         ; 1        ; /INT4                  ; bidir  ; 3.3-V LVTTL  ;           ; Row I/O    ; N               ; no       ; Off          ;
; 17       ;            ;          ; GNDINT                 ; gnd    ;              ;           ; --         ;                 ; --       ; --           ;
; 18       ; 26         ; 1        ; /SIG_EL_IGBT_ERR_V     ; input  ; 3.3-V LVTTL  ;           ; Row I/O    ; N               ; no       ; Off          ;
; 19       ;            ;          ; VCCINT                 ; power  ;              ; 2.5V/3.3V ; --         ;                 ; --       ; --           ;
; 20       ; 27         ; 1        ; BF_D[11]               ; bidir  ; 3.3-V LVTTL  ;           ; Row I/O    ; N               ; no       ; Off          ;
; 21       ; 28         ; 1        ; /SIG_SENSOR_OUT1       ; input  ; 3.3-V LVTTL  ;           ; Row I/O    ; N               ; no       ; Off          ;
; 22       ; 29         ; 1        ; BF_A19                 ; input  ; 3.3-V LVTTL  ;           ; Row I/O    ; N               ; no       ; Off          ;
; 23       ; 30         ; 1        ; /SIG_JOY_OPER_SW       ; input  ; 3.3-V LVTTL  ;           ; Row I/O    ; N               ; no       ; Off          ;
; 24       ; 31         ; 1        ; SIG_ADC3_/ELOC         ; input  ; 3.3-V LVTTL  ;           ; Row I/O    ; N               ; no       ; Off          ;
; 25       ;            ; 1        ; VCCIO1                 ; power  ;              ; 3.3V      ; --         ;                 ; --       ; --           ;
; 26       ;            ;          ; GNDIO                  ; gnd    ;              ;           ; --         ;                 ; --       ; --           ;
; 27       ; 33         ; 1        ; BF_D[2]                ; bidir  ; 3.3-V LVTTL  ;           ; Row I/O    ; N               ; no       ; Off          ;
; 28       ; 36         ; 1        ; /SIG_SENSOR_OUT3       ; input  ; 3.3-V LVTTL  ;           ; Row I/O    ; N               ; no       ; Off          ;
; 29       ; 37         ; 1        ; /SIG_JOY_FAST_SW       ; input  ; 3.3-V LVTTL  ;           ; Row I/O    ; N               ; no       ; Off          ;
; 30       ; 41         ; 1        ; /SIG_VEH_CABLE_LOOP    ; input  ; 3.3-V LVTTL  ;           ; Row I/O    ; N               ; no       ; Off          ;
; 31       ; 44         ; 1        ; BF_D[12]               ; bidir  ; 3.3-V LVTTL  ;           ; Row I/O    ; N               ; no       ; Off          ;
; 32       ; 47         ; 1        ; SIG_RDC2_LOT           ; input  ; 3.3-V LVTTL  ;           ; Row I/O    ; N               ; no       ; Off          ;
; 33       ; 50         ; 1        ; #TMS                   ; input  ;              ;           ; --         ;                 ; --       ; --           ;
; 34       ; 51         ; 1        ; #TDI                   ; input  ;              ;           ; --         ;                 ; --       ; --           ;
; 35       ; 52         ; 1        ; #TCK                   ; input  ;              ;           ; --         ;                 ; --       ; --           ;
; 36       ; 53         ; 1        ; #TDO                   ; output ;              ;           ; --         ;                 ; --       ; --           ;
; 37       ; 56         ; 4        ; BF_D[13]               ; bidir  ; 3.3-V LVTTL  ;           ; Column I/O ; N               ; no       ; Off          ;
; 38       ; 57         ; 4        ; BF_D[0]                ; bidir  ; 3.3-V LVTTL  ;           ; Column I/O ; N               ; no       ; Off          ;
; 39       ; 60         ; 4        ; SIG_RDC1_DIR           ; input  ; 3.3-V LVTTL  ;           ; Column I/O ; N               ; no       ; Off          ;
; 40       ; 62         ; 4        ; EM1WAIT                ; input  ; 3.3-V LVTTL  ;           ; Column I/O ; N               ; no       ; Off          ;
; 41       ; 63         ; 4        ; BF_D[6]                ; bidir  ; 3.3-V LVTTL  ;           ; Column I/O ; N               ; no       ; Off          ;
; 42       ; 67         ; 4        ; /SIG_JOY_SLOW_SW       ; input  ; 3.3-V LVTTL  ;           ; Column I/O ; N               ; no       ; Off          ;
; 43       ; 68         ; 4        ; SIG_RDC2_/CS           ; output ; 3.3-V LVTTL  ;           ; Column I/O ; N               ; no       ; Off          ;
; 44       ; 69         ; 4        ; /INT3                  ; bidir  ; 3.3-V LVTTL  ;           ; Column I/O ; N               ; no       ; Off          ;
; 45       ; 74         ; 4        ; SIG_ADC4_/ELOC         ; input  ; 3.3-V LVTTL  ;           ; Column I/O ; N               ; no       ; Off          ;
; 46       ;            ; 4        ; VCCIO4                 ; power  ;              ; 3.3V      ; --         ;                 ; --       ; --           ;
; 47       ;            ;          ; GNDIO                  ; gnd    ;              ;           ; --         ;                 ; --       ; --           ;
; 48       ; 75         ; 4        ; SIG_ADC2_/ELOC         ; input  ; 3.3-V LVTTL  ;           ; Column I/O ; N               ; no       ; Off          ;
; 49       ; 76         ; 4        ; BF_D[9]                ; bidir  ; 3.3-V LVTTL  ;           ; Column I/O ; N               ; no       ; Off          ;
; 50       ; 77         ; 4        ; BF_A18                 ; input  ; 3.3-V LVTTL  ;           ; Column I/O ; N               ; no       ; Off          ;
; 51       ; 78         ; 4        ; BF_A3                  ; input  ; 3.3-V LVTTL  ;           ; Column I/O ; N               ; no       ; Off          ;
; 52       ; 79         ; 4        ; GND*                   ;        ;              ;           ; Column I/O ;                 ; no       ; Off          ;
; 53       ; 80         ; 4        ; /EM1WE                 ; input  ; 3.3-V LVTTL  ;           ; Column I/O ; N               ; no       ; Off          ;
; 54       ;            ;          ; GNDINT                 ; gnd    ;              ;           ; --         ;                 ; --       ; --           ;
; 55       ; 81         ; 4        ; /SIG_VMS_CABLE_LOOP    ; input  ; 3.3-V LVTTL  ;           ; Column I/O ; N               ; no       ; Off          ;
; 56       ;            ;          ; VCCINT                 ; power  ;              ; 2.5V/3.3V ; --         ;                 ; --       ; --           ;
; 57       ; 82         ; 4        ; /EM1CS2                ; input  ; 3.3-V LVTTL  ;           ; Column I/O ; N               ; no       ; Off          ;
; 58       ; 83         ; 4        ; /SIG_MDU_CABLE_LOOP    ; input  ; 3.3-V LVTTL  ;           ; Column I/O ; N               ; no       ; Off          ;
; 59       ; 84         ; 4        ; SIG_DAC1_/LDAC         ; output ; 3.3-V LVTTL  ;           ; Column I/O ; N               ; no       ; Off          ;
; 60       ; 85         ; 4        ; SPI_CLK_START          ; input  ; 3.3-V LVTTL  ;           ; Column I/O ; N               ; no       ; Off          ;
; 61       ; 86         ; 4        ; SIG_ADC3_/CS           ; output ; 3.3-V LVTTL  ;           ; Column I/O ; N               ; no       ; Off          ;
; 62       ; 87         ; 4        ; BF_A1                  ; input  ; 3.3-V LVTTL  ;           ; Column I/O ; N               ; no       ; Off          ;
; 63       ; 88         ; 4        ; /INT5                  ; bidir  ; 3.3-V LVTTL  ;           ; Column I/O ; N               ; no       ; Off          ;
; 64       ;            ; 4        ; VCCIO4                 ; power  ;              ; 3.3V      ; --         ;                 ; --       ; --           ;
; 65       ;            ;          ; GNDIO                  ; gnd    ;              ;           ; --         ;                 ; --       ; --           ;
; 66       ; 91         ; 4        ; /SIG_AZ_LOCKING_SW     ; input  ; 3.3-V LVTTL  ;           ; Column I/O ; N               ; no       ; Off          ;
; 67       ; 92         ; 4        ; EGPIO2                 ; bidir  ; 3.3-V LVTTL  ;           ; Column I/O ; N               ; no       ; Off          ;
; 68       ; 95         ; 4        ; SIG_RDC1_DOS           ; input  ; 3.3-V LVTTL  ;           ; Column I/O ; N               ; no       ; Off          ;
; 69       ; 98         ; 4        ; /SIG_DCU_CABLE_LOOP    ; input  ; 3.3-V LVTTL  ;           ; Column I/O ; N               ; no       ; Off          ;
; 70       ; 101        ; 4        ; LED_DCU_POWER          ; output ; 3.3-V LVTTL  ;           ; Column I/O ; N               ; no       ; Off          ;
; 71       ; 104        ; 4        ; GND*                   ;        ;              ;           ; Column I/O ;                 ; no       ; Off          ;
; 72       ; 107        ; 4        ; /SIG_OCU_CABLE_LOOP    ; input  ; 3.3-V LVTTL  ;           ; Column I/O ; N               ; no       ; Off          ;
; 73       ; 111        ; 3        ; /SIG_PCU_STATE         ; input  ; 3.3-V LVTTL  ;           ; Row I/O    ; N               ; no       ; Off          ;
; 74       ; 112        ; 3        ; /SIG_AZ_IGBT_ERR_W     ; input  ; 3.3-V LVTTL  ;           ; Row I/O    ; N               ; no       ; Off          ;
; 75       ; 113        ; 3        ; BUF_DATA_DIR           ; output ; 3.3-V LVTTL  ;           ; Row I/O    ; N               ; no       ; Off          ;
; 76       ; 115        ; 3        ; /SIG_DCU_PC_ON_SIG     ; input  ; 3.3-V LVTTL  ;           ; Row I/O    ; N               ; no       ; Off          ;
; 77       ; 118        ; 3        ; /SIG_PCU_CABLE_LOOP    ; input  ; 3.3-V LVTTL  ;           ; Row I/O    ; N               ; no       ; Off          ;
; 78       ; 122        ; 3        ; GND*                   ;        ;              ;           ; Row I/O    ;                 ; no       ; Off          ;
; 79       ; 123        ; 3        ; /SIG_SENSOR_CABLE_LOOP ; input  ; 3.3-V LVTTL  ;           ; Row I/O    ; N               ; no       ; Off          ;
; 80       ; 124        ; 3        ; /SIG_AZ_MT_CABLE_LOOP  ; input  ; 3.3-V LVTTL  ;           ; Row I/O    ; N               ; no       ; Off          ;
; 81       ; 127        ; 3        ; BF_A17                 ; input  ; 3.3-V LVTTL  ;           ; Row I/O    ; N               ; no       ; Off          ;
; 82       ;            ; 3        ; VCCIO3                 ; power  ;              ; 3.3V      ; --         ;                 ; --       ; --           ;
; 83       ;            ;          ; GNDIO                  ; gnd    ;              ;           ; --         ;                 ; --       ; --           ;
; 84       ; 129        ; 3        ; /INT0                  ; bidir  ; 3.3-V LVTTL  ;           ; Row I/O    ; N               ; no       ; Off          ;
; 85       ; 130        ; 3        ; /SIG_INS_CABLE_LOOP    ; input  ; 3.3-V LVTTL  ;           ; Row I/O    ; N               ; no       ; Off          ;
; 86       ; 131        ; 3        ; /SIG_AZ_ENC_CABLE_LOOP ; input  ; 3.3-V LVTTL  ;           ; Row I/O    ; N               ; no       ; Off          ;
; 87       ; 132        ; 3        ; BF_D[5]                ; bidir  ; 3.3-V LVTTL  ;           ; Row I/O    ; N               ; no       ; Off          ;
; 88       ; 133        ; 3        ; LED_JOY_FAST           ; output ; 3.3-V LVTTL  ;           ; Row I/O    ; N               ; no       ; Off          ;
; 89       ; 134        ; 3        ; /SIG_EMER_SIG          ; input  ; 3.3-V LVTTL  ;           ; Row I/O    ; N               ; no       ; Off          ;
; 90       ;            ;          ; VCCINT                 ; power  ;              ; 2.5V/3.3V ; --         ;                 ; --       ; --           ;
; 91       ; 135        ; 3        ; SIG_ADC2_/CS           ; output ; 3.3-V LVTTL  ;           ; Row I/O    ; N               ; no       ; Off          ;
; 92       ;            ;          ; GNDINT                 ; gnd    ;              ;           ; --         ;                 ; --       ; --           ;
; 93       ; 136        ; 3        ; /EM1OE                 ; input  ; 3.3-V LVTTL  ;           ; Row I/O    ; N               ; no       ; Off          ;
; 94       ; 137        ; 3        ; SIG_X_/RD              ; output ; 3.3-V LVTTL  ;           ; Row I/O    ; N               ; no       ; Off          ;
; 95       ; 138        ; 3        ; BF_D[7]                ; bidir  ; 3.3-V LVTTL  ;           ; Row I/O    ; N               ; no       ; Off          ;
; 96       ; 139        ; 3        ; SIG_DAC_/CLR           ; output ; 3.3-V LVTTL  ;           ; Row I/O    ; N               ; no       ; Off          ;
; 97       ; 140        ; 3        ; SIG_RDC1_LOT           ; input  ; 3.3-V LVTTL  ;           ; Row I/O    ; N               ; no       ; Off          ;
; 98       ; 141        ; 3        ; BF_D[8]                ; bidir  ; 3.3-V LVTTL  ;           ; Row I/O    ; N               ; no       ; Off          ;
; 99       ;            ;          ; GNDIO                  ; gnd    ;              ;           ; --         ;                 ; --       ; --           ;
; 100      ;            ; 3        ; VCCIO3                 ; power  ;              ; 3.3V      ; --         ;                 ; --       ; --           ;
; 101      ; 142        ; 3        ; /SIG_EL_SIG_CABLE_LOOP ; input  ; 3.3-V LVTTL  ;           ; Row I/O    ; N               ; no       ; Off          ;
; 102      ; 146        ; 3        ; /SIG_EL_IGBT_ERR_W     ; input  ; 3.3-V LVTTL  ;           ; Row I/O    ; N               ; no       ; Off          ;
; 103      ; 147        ; 3        ; BF_D[14]               ; bidir  ; 3.3-V LVTTL  ;           ; Row I/O    ; N               ; no       ; Off          ;
; 104      ; 151        ; 3        ; BF_A4                  ; input  ; 3.3-V LVTTL  ;           ; Row I/O    ; N               ; no       ; Off          ;
; 105      ; 152        ; 3        ; GND*                   ;        ;              ;           ; Row I/O    ;                 ; no       ; Off          ;
; 106      ; 154        ; 3        ; BF_D[3]                ; bidir  ; 3.3-V LVTTL  ;           ; Row I/O    ; N               ; no       ; Off          ;
; 107      ; 156        ; 3        ; /SIG_AZ_IGBT_ERR_U     ; input  ; 3.3-V LVTTL  ;           ; Row I/O    ; N               ; no       ; Off          ;
; 108      ; 158        ; 3        ; SIG_ADC1_/CS           ; output ; 3.3-V LVTTL  ;           ; Row I/O    ; N               ; no       ; Off          ;
; 109      ; 164        ; 2        ; GND*                   ;        ;              ;           ; Column I/O ;                 ; no       ; Off          ;
; 110      ; 165        ; 2        ; LED_JOY_SLOW           ; output ; 3.3-V LVTTL  ;           ; Column I/O ; N               ; no       ; Off          ;
; 111      ; 166        ; 2        ; /EM1CS4                ; input  ; 3.3-V LVTTL  ;           ; Column I/O ; N               ; no       ; Off          ;
; 112      ; 171        ; 2        ; SIG_RDC2_DOS           ; input  ; 3.3-V LVTTL  ;           ; Column I/O ; N               ; no       ; Off          ;
; 113      ; 174        ; 2        ; /SIG_EL_MT_CABLE_LOOP  ; input  ; 3.3-V LVTTL  ;           ; Column I/O ; N               ; no       ; Off          ;
; 114      ; 177        ; 2        ; /SIG_AZ_SIG_CABLE_LOOP ; input  ; 3.3-V LVTTL  ;           ; Column I/O ; N               ; no       ; Off          ;
; 115      ;            ;          ; GNDIO                  ; gnd    ;              ;           ; --         ;                 ; --       ; --           ;
; 116      ;            ; 2        ; VCCIO2                 ; power  ;              ; 3.3V      ; --         ;                 ; --       ; --           ;
; 117      ; 180        ; 2        ; SIG_DAC1_/CS           ; output ; 3.3-V LVTTL  ;           ; Column I/O ; N               ; no       ; Off          ;
; 118      ; 181        ; 2        ; SIG_ADC1_/ELOC         ; input  ; 3.3-V LVTTL  ;           ; Column I/O ; N               ; no       ; Off          ;
; 119      ; 182        ; 2        ; /SIG_DCU_MODE1_SW      ; input  ; 3.3-V LVTTL  ;           ; Column I/O ; N               ; no       ; Off          ;
; 120      ; 183        ; 2        ; SIG_ADC4_/CS           ; output ; 3.3-V LVTTL  ;           ; Column I/O ; N               ; no       ; Off          ;
; 121      ; 184        ; 2        ; /SIG_EL_IGBT_ERR_U     ; input  ; 3.3-V LVTTL  ;           ; Column I/O ; N               ; no       ; Off          ;
; 122      ; 185        ; 2        ; SIG_DAC2_/CS           ; output ; 3.3-V LVTTL  ;           ; Column I/O ; N               ; no       ; Off          ;
; 123      ; 186        ; 2        ; GND*                   ;        ;              ;           ; Column I/O ;                 ; no       ; Off          ;
; 124      ; 187        ; 2        ; /SIG_EL_ENC_CABLE_LOOP ; input  ; 3.3-V LVTTL  ;           ; Column I/O ; N               ; no       ; Off          ;
; 125      ; 188        ; 2        ; BF_D[4]                ; bidir  ; 3.3-V LVTTL  ;           ; Column I/O ; N               ; no       ; Off          ;
; 126      ;            ;          ; VCCINT                 ; power  ;              ; 2.5V/3.3V ; --         ;                 ; --       ; --           ;
; 127      ; 189        ; 2        ; /SIG_SENSOR_OUT2       ; input  ; 3.3-V LVTTL  ;           ; Column I/O ; N               ; no       ; Off          ;
; 128      ;            ;          ; GNDINT                 ; gnd    ;              ;           ; --         ;                 ; --       ; --           ;
; 129      ; 190        ; 2        ; BF_D[10]               ; bidir  ; 3.3-V LVTTL  ;           ; Column I/O ; N               ; no       ; Off          ;
; 130      ; 191        ; 2        ; /SIG_EL_LOCKING_SW     ; input  ; 3.3-V LVTTL  ;           ; Column I/O ; N               ; no       ; Off          ;
; 131      ; 192        ; 2        ; SPI_CLK_TX             ; output ; 3.3-V LVTTL  ;           ; Column I/O ; N               ; no       ; Off          ;
; 132      ; 193        ; 2        ; SPI_CLK_RX             ; output ; 3.3-V LVTTL  ;           ; Column I/O ; N               ; no       ; Off          ;
; 133      ; 194        ; 2        ; SIG_X_/WR              ; output ; 3.3-V LVTTL  ;           ; Column I/O ; N               ; no       ; Off          ;
; 134      ; 195        ; 2        ; GND*                   ;        ;              ;           ; Column I/O ;                 ; no       ; Off          ;
; 135      ;            ;          ; GNDIO                  ; gnd    ;              ;           ; --         ;                 ; --       ; --           ;
; 136      ;            ; 2        ; VCCIO2                 ; power  ;              ; 3.3V      ; --         ;                 ; --       ; --           ;
; 137      ; 199        ; 2        ; BUF_DATA_/OE           ; output ; 3.3-V LVTTL  ;           ; Column I/O ; N               ; no       ; Off          ;
; 138      ; 200        ; 2        ; GND*                   ;        ;              ;           ; Column I/O ;                 ; no       ; Off          ;
; 139      ; 201        ; 2        ; GND*                   ;        ;              ;           ; Column I/O ;                 ; no       ; Off          ;
; 140      ; 204        ; 2        ; GND*                   ;        ;              ;           ; Column I/O ;                 ; no       ; Off          ;
; 141      ; 205        ; 2        ; GND*                   ;        ;              ;           ; Column I/O ;                 ; no       ; Off          ;
; 142      ; 208        ; 2        ; GND*                   ;        ;              ;           ; Column I/O ;                 ; no       ; Off          ;
; 143      ; 212        ; 2        ; GND*                   ;        ;              ;           ; Column I/O ;                 ; no       ; Off          ;
; 144      ; 215        ; 2        ; BF_D[15]               ; bidir  ; 3.3-V LVTTL  ;           ; Column I/O ; N               ; no       ; Off          ;
+----------+------------+----------+------------------------+--------+--------------+-----------+------------+-----------------+----------+--------------+
Note: Pin directions (input, output or bidir) are based on device operating in user mode.


+-------------------------------------------------------------+
; Output Pin Default Load For Reported TCO                    ;
+----------------------------+-------+------------------------+
; I/O Standard               ; Load  ; Termination Resistance ;
+----------------------------+-------+------------------------+
; 3.3-V LVTTL                ; 10 pF ; Not Available          ;
; 3.3-V LVCMOS               ; 10 pF ; Not Available          ;
; 2.5 V                      ; 10 pF ; Not Available          ;
; 1.8 V                      ; 10 pF ; Not Available          ;
; 1.5 V                      ; 10 pF ; Not Available          ;
; 3.3V Schmitt Trigger Input ; 10 pF ; Not Available          ;
; 2.5V Schmitt Trigger Input ; 10 pF ; Not Available          ;
; 3.3-V PCI                  ; 10 pF ; 25 Ohm (Parallel)      ;
+----------------------------+-------+------------------------+
Note: User assignments will override these defaults. The user specified values are listed in the Output Pins and Bidir Pins tables.


+----------------------------------------------------------------------------------------------------------------------------------------------------------------------------------------------------------------------+
; Fitter Resource Utilization by Entity                                                                                                                                                                                ;
+----------------------------+-------------+--------------+------------+------+--------------+--------------+-------------------+------------------+-----------------+------------+---------------------+--------------+
; Compilation Hierarchy Node ; Logic Cells ; LC Registers ; UFM Blocks ; Pins ; Virtual Pins ; LUT-Only LCs ; Register-Only LCs ; LUT/Register LCs ; Carry Chain LCs ; Packed LCs ; Full Hierarchy Name ; Library Name ;
+----------------------------+-------------+--------------+------------+------+--------------+--------------+-------------------+------------------+-----------------+------------+---------------------+--------------+
; |SPB_CPLD                  ; 0 (0)       ; 0            ; 0          ; 103  ; 0            ; 0 (0)        ; 0 (0)             ; 0 (0)            ; 0 (0)           ; 0 (0)      ; |SPB_CPLD           ; work         ;
+----------------------------+-------------+--------------+------------+------+--------------+--------------+-------------------+------------------+-----------------+------------+---------------------+--------------+
Note: For table entries with two numbers listed, the numbers in parentheses indicate the number of resources of the given type used by the specific entity alone. The numbers listed outside of parentheses indicate the total resources of the given type used by the specific entity and all of its sub-entities in the hierarchy.


+---------------------------------------------------+
; Delay Chain Summary                               ;
+------------------------+----------+---------------+
; Name                   ; Pin Type ; Pad to Core 0 ;
+------------------------+----------+---------------+
; /SIG_MDU_CABLE_LOOP    ; Input    ; (0)           ;
; /SIG_PCU_CABLE_LOOP    ; Input    ; (0)           ;
; /SIG_OCU_CABLE_LOOP    ; Input    ; (0)           ;
; /SIG_VMS_CABLE_LOOP    ; Input    ; (0)           ;
; /SIG_VEH_CABLE_LOOP    ; Input    ; (0)           ;
; /SIG_DCU_CABLE_LOOP    ; Input    ; (0)           ;
; /SIG_PCU_STATE         ; Input    ; (0)           ;
; /SIG_AZ_MT_CABLE_LOOP  ; Input    ; (0)           ;
; /SIG_EL_MT_CABLE_LOOP  ; Input    ; (0)           ;
; /SIG_SENSOR_CABLE_LOOP ; Input    ; (0)           ;
; /SIG_INS_CABLE_LOOP    ; Input    ; (0)           ;
; /SIG_AZ_ENC_CABLE_LOOP ; Input    ; (0)           ;
; /SIG_EL_ENC_CABLE_LOOP ; Input    ; (0)           ;
; /SIG_EL_SIG_CABLE_LOOP ; Input    ; (0)           ;
; /SIG_AZ_SIG_CABLE_LOOP ; Input    ; (0)           ;
; /SIG_SENSOR_OUT1       ; Input    ; (0)           ;
; /SIG_SENSOR_OUT2       ; Input    ; (0)           ;
; /SIG_SENSOR_OUT3       ; Input    ; (0)           ;
; /SIG_AZ_IGBT_ERR_U     ; Input    ; (0)           ;
; /SIG_AZ_IGBT_ERR_V     ; Input    ; (0)           ;
; /SIG_AZ_IGBT_ERR_W     ; Input    ; (0)           ;
; /SIG_EL_IGBT_ERR_U     ; Input    ; (0)           ;
; /SIG_EL_IGBT_ERR_V     ; Input    ; (0)           ;
; /SIG_EL_IGBT_ERR_W     ; Input    ; (0)           ;
; /SIG_AZ_LOCKING_SW     ; Input    ; (0)           ;
; /SIG_EMER_SIG          ; Input    ; (0)           ;
; /SIG_DCU_MODE1_SW      ; Input    ; (0)           ;
; /SIG_DCU_MODE2_SW      ; Input    ; (0)           ;
; /SIG_DCU_PC_ON_SIG     ; Input    ; (0)           ;
; /SIG_JOY_SLOW_SW       ; Input    ; (0)           ;
; /SIG_JOY_FAST_SW       ; Input    ; (0)           ;
; /SIG_JOY_OPER_SW       ; Input    ; (0)           ;
; SIG_RDC1_DIR           ; Input    ; (0)           ;
; SIG_RDC1_LOT           ; Input    ; (0)           ;
; SIG_RDC1_DOS           ; Input    ; (0)           ;
; SIG_RDC2_DIR           ; Input    ; (0)           ;
; SIG_RDC2_LOT           ; Input    ; (0)           ;
; SIG_RDC2_DOS           ; Input    ; (0)           ;
; SIG_ADC1_/ELOC         ; Input    ; (0)           ;
; SIG_ADC2_/ELOC         ; Input    ; (0)           ;
; SIG_ADC3_/ELOC         ; Input    ; (0)           ;
; SIG_ADC4_/ELOC         ; Input    ; (0)           ;
; SPI_CLK_START          ; Input    ; (0)           ;
; /EM1OE                 ; Input    ; (0)           ;
; /EM1WE                 ; Input    ; (0)           ;
; EM1WAIT                ; Input    ; (0)           ;
; /EM1CS2                ; Input    ; (0)           ;
; /EM1CS3                ; Input    ; (0)           ;
; /EM1CS4                ; Input    ; (0)           ;
; /SIG_EL_LOCKING_SW     ; Input    ; (0)           ;
; BF_A0                  ; Input    ; (0)           ;
; BF_A1                  ; Input    ; (0)           ;
; BF_A2                  ; Input    ; (0)           ;
; BF_A3                  ; Input    ; (0)           ;
; BF_A4                  ; Input    ; (0)           ;
; BF_A17                 ; Input    ; (0)           ;
; BF_A18                 ; Input    ; (0)           ;
; BF_A19                 ; Input    ; (0)           ;
; LED_JOY_FAST           ; Output   ; --            ;
; LED_JOY_SLOW           ; Output   ; --            ;
; LED_DCU_POWER          ; Output   ; --            ;
; SIG_DAC_/CLR           ; Output   ; --            ;
; SIG_RDC1_/CS           ; Output   ; --            ;
; SIG_RDC2_/CS           ; Output   ; --            ;
; SIG_ADC1_/CS           ; Output   ; --            ;
; SIG_ADC2_/CS           ; Output   ; --            ;
; SIG_ADC3_/CS           ; Output   ; --            ;
; SIG_ADC4_/CS           ; Output   ; --            ;
; SIG_DAC1_/CS           ; Output   ; --            ;
; SIG_DAC2_/CS           ; Output   ; --            ;
; SIG_DAC1_/LDAC         ; Output   ; --            ;
; SIG_DAC2_/LDAC         ; Output   ; --            ;
; SIG_X_/RD              ; Output   ; --            ;
; SIG_X_/WR              ; Output   ; --            ;
; BUF_DATA_DIR           ; Output   ; --            ;
; BUF_DATA_/OE           ; Output   ; --            ;
; SPI_CLK_TX             ; Output   ; --            ;
; SPI_CLK_RX             ; Output   ; --            ;
; /INT0                  ; Bidir    ; (0)           ;
; /INT1                  ; Bidir    ; (0)           ;
; /INT2                  ; Bidir    ; (0)           ;
; /INT3                  ; Bidir    ; (0)           ;
; /INT4                  ; Bidir    ; (0)           ;
; /INT5                  ; Bidir    ; (0)           ;
; EGPIO2                 ; Bidir    ; (0)           ;
; EGPIO0                 ; Bidir    ; (0)           ;
; EGPIO1                 ; Bidir    ; (0)           ;
; BF_D[0]                ; Bidir    ; (0)           ;
; BF_D[1]                ; Bidir    ; (0)           ;
; BF_D[2]                ; Bidir    ; (0)           ;
; BF_D[3]                ; Bidir    ; (0)           ;
; BF_D[4]                ; Bidir    ; (0)           ;
; BF_D[5]                ; Bidir    ; (0)           ;
; BF_D[6]                ; Bidir    ; (0)           ;
; BF_D[7]                ; Bidir    ; (0)           ;
; BF_D[8]                ; Bidir    ; (0)           ;
; BF_D[9]                ; Bidir    ; (0)           ;
; BF_D[10]               ; Bidir    ; (0)           ;
; BF_D[11]               ; Bidir    ; (0)           ;
; BF_D[12]               ; Bidir    ; (0)           ;
; BF_D[13]               ; Bidir    ; (0)           ;
; BF_D[14]               ; Bidir    ; (0)           ;
; BF_D[15]               ; Bidir    ; (0)           ;
+------------------------+----------+---------------+


+-------------------------------------------------+
; Other Routing Usage Summary                     ;
+-----------------------------+-------------------+
; Other Routing Resource Type ; Usage             ;
+-----------------------------+-------------------+
; C4s                         ; 0 / 2,870 ( 0 % ) ;
; Global clocks               ; 0 / 4 ( 0 % )     ;
; LAB clocks                  ; 0 / 72 ( 0 % )    ;
; LUT chains                  ; 0 / 1,143 ( 0 % ) ;
; Local interconnects         ; 0 / 3,938 ( 0 % ) ;
; R4s                         ; 0 / 2,832 ( 0 % ) ;
+-----------------------------+-------------------+


+-------------------------------------------------------------------------+
; Fitter Device Options                                                   ;
+----------------------------------------------+--------------------------+
; Option                                       ; Setting                  ;
+----------------------------------------------+--------------------------+
; Enable user-supplied start-up clock (CLKUSR) ; Off                      ;
; Enable device-wide reset (DEV_CLRn)          ; Off                      ;
; Enable device-wide output enable (DEV_OE)    ; Off                      ;
; Enable INIT_DONE output                      ; Off                      ;
; Configuration scheme                         ; Passive Serial           ;
; Reserve all unused pins                      ; As output driving ground ;
; Base pin-out file on sameframe device        ; Off                      ;
+----------------------------------------------+--------------------------+


+-----------------+
; Fitter Messages ;
+-----------------+
Warning (20028): Parallel compilation is not licensed and has been disabled
Info (119006): Selected device EPM1270T144A5 for design "SPB_CPLD"
Info (21077): Low junction temperature is -40 degrees C
Info (21077): High junction temperature is 125 degrees C
Info (171003): Fitter is performing an Auto Fit compilation, which may decrease Fitter effort to reduce compilation time
Warning (292013): Feature LogicLock is only available with a valid subscription license. You can purchase a software subscription to gain full access to this feature.
Info (176444): Device migration not selected. If you intend to use device migration later, you may need to change the pin assignments as they may be incompatible with other devices
    Info (176445): Device EPM570T144C5 is compatible
    Info (176445): Device EPM570T144I5 is compatible
    Info (176445): Device EPM570T144A5 is compatible
    Info (176445): Device EPM1270T144C5 is compatible
    Info (176445): Device EPM1270T144I5 is compatible
Critical Warning (169085): No exact pin location assignment(s) for 103 pins of 103 total pins
    Info (169086): Pin LED_JOY_FAST not assigned to an exact location on the device
    Info (169086): Pin LED_JOY_SLOW not assigned to an exact location on the device
    Info (169086): Pin LED_DCU_POWER not assigned to an exact location on the device
    Info (169086): Pin SIG_DAC_/CLR not assigned to an exact location on the device
    Info (169086): Pin SIG_RDC1_/CS not assigned to an exact location on the device
    Info (169086): Pin SIG_RDC2_/CS not assigned to an exact location on the device
    Info (169086): Pin SIG_ADC1_/CS not assigned to an exact location on the device
    Info (169086): Pin SIG_ADC2_/CS not assigned to an exact location on the device
    Info (169086): Pin SIG_ADC3_/CS not assigned to an exact location on the device
    Info (169086): Pin SIG_ADC4_/CS not assigned to an exact location on the device
    Info (169086): Pin SIG_DAC1_/CS not assigned to an exact location on the device
    Info (169086): Pin SIG_DAC2_/CS not assigned to an exact location on the device
    Info (169086): Pin SIG_DAC1_/LDAC not assigned to an exact location on the device
    Info (169086): Pin SIG_DAC2_/LDAC not assigned to an exact location on the device
    Info (169086): Pin SIG_X_/RD not assigned to an exact location on the device
    Info (169086): Pin SIG_X_/WR not assigned to an exact location on the device
    Info (169086): Pin BUF_DATA_DIR not assigned to an exact location on the device
    Info (169086): Pin BUF_DATA_/OE not assigned to an exact location on the device
    Info (169086): Pin SPI_CLK_TX not assigned to an exact location on the device
    Info (169086): Pin SPI_CLK_RX not assigned to an exact location on the device
    Info (169086): Pin /SIG_MDU_CABLE_LOOP not assigned to an exact location on the device
    Info (169086): Pin /SIG_PCU_CABLE_LOOP not assigned to an exact location on the device
    Info (169086): Pin /SIG_OCU_CABLE_LOOP not assigned to an exact location on the device
    Info (169086): Pin /SIG_VMS_CABLE_LOOP not assigned to an exact location on the device
    Info (169086): Pin /SIG_VEH_CABLE_LOOP not assigned to an exact location on the device
    Info (169086): Pin /SIG_DCU_CABLE_LOOP not assigned to an exact location on the device
    Info (169086): Pin /SIG_PCU_STATE not assigned to an exact location on the device
    Info (169086): Pin /SIG_AZ_MT_CABLE_LOOP not assigned to an exact location on the device
    Info (169086): Pin /SIG_EL_MT_CABLE_LOOP not assigned to an exact location on the device
    Info (169086): Pin /SIG_SENSOR_CABLE_LOOP not assigned to an exact location on the device
    Info (169086): Pin /SIG_INS_CABLE_LOOP not assigned to an exact location on the device
    Info (169086): Pin /SIG_AZ_ENC_CABLE_LOOP not assigned to an exact location on the device
    Info (169086): Pin /SIG_EL_ENC_CABLE_LOOP not assigned to an exact location on the device
    Info (169086): Pin /SIG_EL_SIG_CABLE_LOOP not assigned to an exact location on the device
    Info (169086): Pin /SIG_AZ_SIG_CABLE_LOOP not assigned to an exact location on the device
    Info (169086): Pin /SIG_SENSOR_OUT1 not assigned to an exact location on the device
    Info (169086): Pin /SIG_SENSOR_OUT2 not assigned to an exact location on the device
    Info (169086): Pin /SIG_SENSOR_OUT3 not assigned to an exact location on the device
    Info (169086): Pin /SIG_AZ_IGBT_ERR_U not assigned to an exact location on the device
    Info (169086): Pin /SIG_AZ_IGBT_ERR_V not assigned to an exact location on the device
    Info (169086): Pin /SIG_AZ_IGBT_ERR_W not assigned to an exact location on the device
    Info (169086): Pin /SIG_EL_IGBT_ERR_U not assigned to an exact location on the device
    Info (169086): Pin /SIG_EL_IGBT_ERR_V not assigned to an exact location on the device
    Info (169086): Pin /SIG_EL_IGBT_ERR_W not assigned to an exact location on the device
    Info (169086): Pin /SIG_AZ_LOCKING_SW not assigned to an exact location on the device
    Info (169086): Pin /SIG_EMER_SIG not assigned to an exact location on the device
    Info (169086): Pin /SIG_DCU_MODE1_SW not assigned to an exact location on the device
    Info (169086): Pin /SIG_DCU_MODE2_SW not assigned to an exact location on the device
    Info (169086): Pin /SIG_DCU_PC_ON_SIG not assigned to an exact location on the device
    Info (169086): Pin /SIG_JOY_SLOW_SW not assigned to an exact location on the device
    Info (169086): Pin /SIG_JOY_FAST_SW not assigned to an exact location on the device
    Info (169086): Pin /SIG_JOY_OPER_SW not assigned to an exact location on the device
    Info (169086): Pin SIG_RDC1_DIR not assigned to an exact location on the device
    Info (169086): Pin SIG_RDC1_LOT not assigned to an exact location on the device
    Info (169086): Pin SIG_RDC1_DOS not assigned to an exact location on the device
    Info (169086): Pin SIG_RDC2_DIR not assigned to an exact location on the device
    Info (169086): Pin SIG_RDC2_LOT not assigned to an exact location on the device
    Info (169086): Pin SIG_RDC2_DOS not assigned to an exact location on the device
    Info (169086): Pin SIG_ADC1_/ELOC not assigned to an exact location on the device
    Info (169086): Pin SIG_ADC2_/ELOC not assigned to an exact location on the device
    Info (169086): Pin SIG_ADC3_/ELOC not assigned to an exact location on the device
    Info (169086): Pin SIG_ADC4_/ELOC not assigned to an exact location on the device
    Info (169086): Pin SPI_CLK_START not assigned to an exact location on the device
    Info (169086): Pin /EM1OE not assigned to an exact location on the device
    Info (169086): Pin /EM1WE not assigned to an exact location on the device
    Info (169086): Pin EM1WAIT not assigned to an exact location on the device
    Info (169086): Pin /EM1CS2 not assigned to an exact location on the device
    Info (169086): Pin /EM1CS3 not assigned to an exact location on the device
    Info (169086): Pin /EM1CS4 not assigned to an exact location on the device
    Info (169086): Pin /SIG_EL_LOCKING_SW not assigned to an exact location on the device
    Info (169086): Pin BF_A0 not assigned to an exact location on the device
    Info (169086): Pin BF_A1 not assigned to an exact location on the device
    Info (169086): Pin BF_A2 not assigned to an exact location on the device
    Info (169086): Pin BF_A3 not assigned to an exact location on the device
    Info (169086): Pin BF_A4 not assigned to an exact location on the device
    Info (169086): Pin BF_A17 not assigned to an exact location on the device
    Info (169086): Pin BF_A18 not assigned to an exact location on the device
    Info (169086): Pin BF_A19 not assigned to an exact location on the device
    Info (169086): Pin /INT0 not assigned to an exact location on the device
    Info (169086): Pin /INT1 not assigned to an exact location on the device
    Info (169086): Pin /INT2 not assigned to an exact location on the device
    Info (169086): Pin /INT3 not assigned to an exact location on the device
    Info (169086): Pin /INT4 not assigned to an exact location on the device
    Info (169086): Pin /INT5 not assigned to an exact location on the device
    Info (169086): Pin EGPIO2 not assigned to an exact location on the device
    Info (169086): Pin EGPIO0 not assigned to an exact location on the device
    Info (169086): Pin EGPIO1 not assigned to an exact location on the device
    Info (169086): Pin BF_D[0] not assigned to an exact location on the device
    Info (169086): Pin BF_D[1] not assigned to an exact location on the device
    Info (169086): Pin BF_D[2] not assigned to an exact location on the device
    Info (169086): Pin BF_D[3] not assigned to an exact location on the device
    Info (169086): Pin BF_D[4] not assigned to an exact location on the device
    Info (169086): Pin BF_D[5] not assigned to an exact location on the device
    Info (169086): Pin BF_D[6] not assigned to an exact location on the device
    Info (169086): Pin BF_D[7] not assigned to an exact location on the device
    Info (169086): Pin BF_D[8] not assigned to an exact location on the device
    Info (169086): Pin BF_D[9] not assigned to an exact location on the device
    Info (169086): Pin BF_D[10] not assigned to an exact location on the device
    Info (169086): Pin BF_D[11] not assigned to an exact location on the device
    Info (169086): Pin BF_D[12] not assigned to an exact location on the device
    Info (169086): Pin BF_D[13] not assigned to an exact location on the device
    Info (169086): Pin BF_D[14] not assigned to an exact location on the device
    Info (169086): Pin BF_D[15] not assigned to an exact location on the device
Critical Warning (332012): Synopsys Design Constraints File file not found: 'SPB_CPLD.sdc'. A Synopsys Design Constraints File is required by the TimeQuest Timing Analyzer to get proper timing constraints. Without it, the Compiler will not properly optimize the design.
Info (332144): No user constrained base clocks found in the design
Info (332096): The command derive_clocks did not find any clocks to derive.  No clocks were created or changed.
Warning (332068): No clocks defined in design.
Info (332128): Timing requirements not specified -- optimizing circuit to achieve the following default global requirements
    Info (332127): Assuming a default timing requirement
Info (332159): No clocks to report
Warning (332068): No clocks defined in design.
Info (186079): Completed User Assigned Global Signals Promotion Operation
Info (186079): Completed Auto Global Promotion Operation
Info (176234): Starting register packing
Info (186391): Fitter is using Normal packing mode for logic elements with Auto setting for Auto Packed Registers logic option
Info (186468): Started processing fast register assignments
Info (186469): Finished processing fast register assignments
Info (176235): Finished register packing
Info (176214): Statistics of I/O pins that need to be placed that use the same VCCIO and VREF, before I/O pin placement
    Info (176211): Number of I/O pins in group: 103 (unused VREF, 3.3V VCCIO, 58 input, 20 output, 25 bidirectional)
        Info (176212): I/O standards used: 3.3-V LVTTL.
Info (176215): I/O bank details before I/O pin placement
    Info (176214): Statistics of I/O banks
        Info (176213): I/O bank number 1 does not use VREF pins and has undetermined VCCIO pins. 0 total pin(s) used --  26 pins available
        Info (176213): I/O bank number 2 does not use VREF pins and has undetermined VCCIO pins. 0 total pin(s) used --  30 pins available
        Info (176213): I/O bank number 3 does not use VREF pins and has undetermined VCCIO pins. 0 total pin(s) used --  30 pins available
        Info (176213): I/O bank number 4 does not use VREF pins and has undetermined VCCIO pins. 0 total pin(s) used --  30 pins available
Info (171121): Fitter preparation operations ending: elapsed time is 00:00:00
Info (170189): Fitter placement preparation operations beginning
Info (170190): Fitter placement preparation operations ending: elapsed time is 00:00:00
Info (170191): Fitter placement operations beginning
Info (170137): Fitter placement was successful
Info (170192): Fitter placement operations ending: elapsed time is 00:00:00
Info (170193): Fitter routing operations beginning
Info (170195): Router estimated average interconnect usage is 0% of the available device resources
    Info (170196): Router estimated peak interconnect usage is 0% of the available device resources in the region that extends from location X9_Y0 to location X17_Y11
Info (170194): Fitter routing operations ending: elapsed time is 00:00:00
Info (170199): The Fitter performed an Auto Fit compilation.  Optimizations were skipped to reduce compilation time.
    Info (170201): Optimizations that may affect the design's routability were skipped
    Info (170200): Optimizations that may affect the design's timing were skipped
Info (11888): Total time spent on timing analysis during the Fitter is 0.02 seconds.
Info (11218): Fitter post-fit operations ending: elapsed time is 00:00:00
Warning (169064): Following 25 pins have no output enable or a GND or VCC output enable - later changes to this connectivity may change fitting results
    Info (169065): Pin /INT0 has a permanently disabled output enable
    Info (169065): Pin /INT1 has a permanently disabled output enable
    Info (169065): Pin /INT2 has a permanently disabled output enable
    Info (169065): Pin /INT3 has a permanently disabled output enable
    Info (169065): Pin /INT4 has a permanently disabled output enable
    Info (169065): Pin /INT5 has a permanently disabled output enable
    Info (169065): Pin EGPIO2 has a permanently disabled output enable
    Info (169065): Pin EGPIO0 has a permanently disabled output enable
    Info (169065): Pin EGPIO1 has a permanently disabled output enable
    Info (169065): Pin BF_D[0] has a permanently disabled output enable
    Info (169065): Pin BF_D[1] has a permanently disabled output enable
    Info (169065): Pin BF_D[2] has a permanently disabled output enable
    Info (169065): Pin BF_D[3] has a permanently disabled output enable
    Info (169065): Pin BF_D[4] has a permanently disabled output enable
    Info (169065): Pin BF_D[5] has a permanently disabled output enable
    Info (169065): Pin BF_D[6] has a permanently disabled output enable
    Info (169065): Pin BF_D[7] has a permanently disabled output enable
    Info (169065): Pin BF_D[8] has a permanently disabled output enable
    Info (169065): Pin BF_D[9] has a permanently disabled output enable
    Info (169065): Pin BF_D[10] has a permanently disabled output enable
    Info (169065): Pin BF_D[11] has a permanently disabled output enable
    Info (169065): Pin BF_D[12] has a permanently disabled output enable
    Info (169065): Pin BF_D[13] has a permanently disabled output enable
    Info (169065): Pin BF_D[14] has a permanently disabled output enable
    Info (169065): Pin BF_D[15] has a permanently disabled output enable
Warning (169174): The Reserve All Unused Pins setting has not been specified, and will default to 'As output driving ground'.
Info (144001): Generated suppressed messages file C:/Users/DEV_W8V/Documents/git/TCU_CPLD/output_files/SPB_CPLD.fit.smsg
Info: Quartus II 64-Bit Fitter was successful. 0 errors, 8 warnings
    Info: Peak virtual memory: 4771 megabytes
    Info: Processing ended: Fri Oct 06 10:17:40 2023
    Info: Elapsed time: 00:00:01
    Info: Total CPU time (on all processors): 00:00:01


+----------------------------+
; Fitter Suppressed Messages ;
+----------------------------+
The suppressed messages can be found in C:/Users/DEV_W8V/Documents/git/TCU_CPLD/output_files/SPB_CPLD.fit.smsg.


